
   Program  MARK  - Survival Rate Estimation with Capture-Recapture Data
   gfortran(Win64) Vers. 8.2 Mar 2017    7-Jun-2018 06:07:56    Page  001
 - - - - - - - - - - - - - - - - - - - - - - - - - - - - - - - - - - - - - -
 
   This version was compiled by GCC version 5.3.0 using the options: 
     -cpp -iprefix c:\tdm-gcc-64\gcc\bin\../lib/gcc/x86_64-w64-mingw32/5.3.0/ -D_MT
     -U_REENTRANT -D IEEE -m64 -mtune=generic -march=x86-64 -mthreads -O3
     -fimplicit-none -fbounds-check -ffpe-summary=invalid,zero,overflow,underflow
     -fno-unsafe-math-optimizations -frounding-math -fsignaling-nans -fopenmp.

   This problem will use 3 of 4 possible threads.


  INPUT --- proc title ;

     CPU Time in seconds for last procedure was 0.00


  INPUT --- proc chmatrix occasions= 6 groups= 8 etype= PoissonMR 
  INPUT --- ICMeans NoHist hist= 47 ;

  INPUT ---    time  interval 1 1 1 1 1 ;

  INPUT ---    glabel(1)=coloniesAmericano;

  INPUT ---    glabel(2)=coloniesCapimAcu;

  INPUT ---    glabel(3)=coloniesForteBoldro;

  INPUT ---    glabel(4)=coloniesLeao;

  INPUT ---    glabel(5)=coloniesPedreiraSueste;

  INPUT ---    glabel(6)=coloniesPiquinho;

  INPUT ---    glabel(7)=coloniesPraiaBoldro;

  INPUT ---    glabel(8)=coloniesTejuAcu;

   * *  WARNING  * *   At least a pair of the encounter histories are duplicates. 

      Number of unique encounter histories read was 28.

      Number of individual covariates read was 0.
      Time interval lengths are all equal to 1.

      Data type number is 115
      Data type is Poisson Mark Resight with Robust Design within primaries                                            
      Number of integration nodes = 101
  Group=           1
  Occasion=           1
  Number of encounter histories tabulated =   16.0000000    
  Marks known =    16.000000000000000     
  Group=           1
  Occasion=           2
  Number of encounter histories tabulated =   16.0000000    
  Marks known =    16.000000000000000     
  Group=           1
  Occasion=           3
  Number of encounter histories tabulated =   16.0000000    
  Marks known =    16.000000000000000     
  Group=           1
  Occasion=           4
  Number of encounter histories tabulated =   16.0000000    
  Marks known =    16.000000000000000     
  Group=           1
  Occasion=           5
  Number of encounter histories tabulated =   16.0000000    
  Marks known =    16.000000000000000     
  Group=           1
  Occasion=           6
  Number of encounter histories tabulated =   16.0000000    
  Marks known =    16.000000000000000     
  Group=           2
  Occasion=           1
  Number of encounter histories tabulated =   5.00000000    
  Marks known =    5.0000000000000000     
  Group=           2
  Occasion=           2
  Number of encounter histories tabulated =   5.00000000    
  Marks known =    5.0000000000000000     
  Group=           2
  Occasion=           3
  Number of encounter histories tabulated =   5.00000000    
  Marks known =    5.0000000000000000     
  Group=           2
  Occasion=           4
  Number of encounter histories tabulated =   5.00000000    
  Marks known =    5.0000000000000000     
  Group=           2
  Occasion=           5
  Number of encounter histories tabulated =   5.00000000    
  Marks known =    5.0000000000000000     
  Group=           2
  Occasion=           6
  Number of encounter histories tabulated =   5.00000000    
  Marks known =    5.0000000000000000     
  Group=           3
  Occasion=           1
  Number of encounter histories tabulated =   14.0000000    
  Marks known =    14.000000000000000     
  Group=           3
  Occasion=           2
  Number of encounter histories tabulated =   14.0000000    
  Marks known =    14.000000000000000     
  Group=           3
  Occasion=           3
  Number of encounter histories tabulated =   14.0000000    
  Marks known =    14.000000000000000     
  Group=           3
  Occasion=           4
  Number of encounter histories tabulated =   14.0000000    
  Marks known =    14.000000000000000     
  Group=           3
  Occasion=           5
  Number of encounter histories tabulated =   14.0000000    
  Marks known =    14.000000000000000     
  Group=           3
  Occasion=           6
  Number of encounter histories tabulated =   14.0000000    
  Marks known =    14.000000000000000     
  Group=           4
  Occasion=           1
  Number of encounter histories tabulated =   5.00000000    
  Marks known =    5.0000000000000000     
  Group=           4
  Occasion=           2
  Number of encounter histories tabulated =   5.00000000    
  Marks known =    5.0000000000000000     
  Group=           4
  Occasion=           3
  Number of encounter histories tabulated =   5.00000000    
  Marks known =    5.0000000000000000     
  Group=           4
  Occasion=           4
  Number of encounter histories tabulated =   5.00000000    
  Marks known =    5.0000000000000000     
  Group=           4
  Occasion=           5
  Number of encounter histories tabulated =   5.00000000    
  Marks known =    5.0000000000000000     
  Group=           4
  Occasion=           6
  Number of encounter histories tabulated =   5.00000000    
  Marks known =    5.0000000000000000     
  Group=           5
  Occasion=           1
  Number of encounter histories tabulated =   6.00000000    
  Marks known =    6.0000000000000000     
  Group=           5
  Occasion=           2
  Number of encounter histories tabulated =   6.00000000    
  Marks known =    6.0000000000000000     
  Group=           5
  Occasion=           3
  Number of encounter histories tabulated =   6.00000000    
  Marks known =    6.0000000000000000     
  Group=           5
  Occasion=           4
  Number of encounter histories tabulated =   6.00000000    
  Marks known =    6.0000000000000000     
  Group=           5
  Occasion=           5
  Number of encounter histories tabulated =   6.00000000    
  Marks known =    6.0000000000000000     
  Group=           5
  Occasion=           6
  Number of encounter histories tabulated =   6.00000000    
  Marks known =    6.0000000000000000     
  Group=           6
  Occasion=           1
  Number of encounter histories tabulated =   4.00000000    
  Marks known =    4.0000000000000000     
  Group=           6
  Occasion=           2
  Number of encounter histories tabulated =   4.00000000    
  Marks known =    4.0000000000000000     
  Group=           6
  Occasion=           3
  Number of encounter histories tabulated =   4.00000000    
  Marks known =    4.0000000000000000     
  Group=           6
  Occasion=           4
  Number of encounter histories tabulated =   4.00000000    
  Marks known =    4.0000000000000000     
  Group=           6
  Occasion=           5
  Number of encounter histories tabulated =   4.00000000    
  Marks known =    4.0000000000000000     
  Group=           6
  Occasion=           6
  Number of encounter histories tabulated =   4.00000000    
  Marks known =    4.0000000000000000     
  Group=           7
  Occasion=           1
  Number of encounter histories tabulated =   20.0000000    
  Marks known =    20.000000000000000     
  Group=           7
  Occasion=           2
  Number of encounter histories tabulated =   20.0000000    
  Marks known =    20.000000000000000     
  Group=           7
  Occasion=           3
  Number of encounter histories tabulated =   20.0000000    
  Marks known =    20.000000000000000     
  Group=           7
  Occasion=           4
  Number of encounter histories tabulated =   20.0000000    
  Marks known =    20.000000000000000     
  Group=           7
  Occasion=           5
  Number of encounter histories tabulated =   20.0000000    
  Marks known =    20.000000000000000     
  Group=           7
  Occasion=           6
  Number of encounter histories tabulated =   20.0000000    
  Marks known =    20.000000000000000     
  Group=           8
  Occasion=           1
  Number of encounter histories tabulated =   3.00000000    
  Marks known =    3.0000000000000000     
  Group=           8
  Occasion=           2
  Number of encounter histories tabulated =   3.00000000    
  Marks known =    3.0000000000000000     
  Group=           8
  Occasion=           3
  Number of encounter histories tabulated =   3.00000000    
  Marks known =    3.0000000000000000     
  Group=           8
  Occasion=           4
  Number of encounter histories tabulated =   3.00000000    
  Marks known =    3.0000000000000000     
  Group=           8
  Occasion=           5
  Number of encounter histories tabulated =   3.00000000    
  Marks known =    3.0000000000000000     
  Group=           8
  Occasion=           6
  Number of encounter histories tabulated =   3.00000000    
  Marks known =    3.0000000000000000     

     CPU Time in seconds for last procedure was 0.02

  Program  MARK  - Survival Rate Estimation with Capture-Recapture Data
   gfortran(Win64) Vers. 8.2 Mar 2017    7-Jun-2018 06:07:56    Page  002
 - - - - - - - - - - - - - - - - - - - - - - - - - - - - - - - - - - - - - -
 


  INPUT --- proc estimate link=Parm-Specific NOLOOP varest=2ndPart    ;


  INPUT --- model={ 
  INPUT --- alpha(~effort)sigma(~1)U(~colonies)Phi(~1)Gamma''(~1)Gamma'(
  INPUT --- ~1) };

  INPUT ---    fixed=2;
  INPUT ---        parm(31)=0 ;
  INPUT ---        parm(32)=1 ;

  INPUT ---    group=1 alpha    rows=1 cols=6 Square ;
  INPUT ---        1 2 3 4 2 2 ;

  INPUT ---    group=2 alpha    rows=1 cols=6 Square ;
  INPUT ---        5 6 2 2 2 7 ;

  INPUT ---    group=3 alpha    rows=1 cols=6 Square ;
  INPUT ---        8 2 3 3 9 3 ;

  INPUT ---    group=4 alpha    rows=1 cols=6 Square ;
  INPUT ---        10 4 11 12 11 2 ;

  INPUT ---    group=5 alpha    rows=1 cols=6 Square ;
  INPUT ---        4 12 5 10 13 14 ;

  INPUT ---    group=6 alpha    rows=1 cols=6 Square ;
  INPUT ---        10 15 16 2 2 17 ;

  INPUT ---    group=7 alpha    rows=1 cols=6 Square ;
  INPUT ---        10 9 18 19 15 18 ;

  INPUT ---    group=8 alpha    rows=1 cols=6 Square ;
  INPUT ---        2 20 20 17 17 17 ;

  INPUT ---    group=1 sigma    rows=1 cols=6 Square ;
  INPUT ---        31 31 31 31 31 31 ;

  INPUT ---    group=2 sigma    rows=1 cols=6 Square ;
  INPUT ---        31 31 31 31 31 31 ;

  INPUT ---    group=3 sigma    rows=1 cols=6 Square ;
  INPUT ---        31 31 31 31 31 31 ;


  Program  MARK  - Survival Rate Estimation with Capture-Recapture Data
   gfortran(Win64) Vers. 8.2 Mar 2017    7-Jun-2018 06:07:56    Page  003
 - - - - - - - - - - - - - - - - - - - - - - - - - - - - - - - - - - - - - -
 
  INPUT ---    group=4 sigma    rows=1 cols=6 Square ;
  INPUT ---        31 31 31 31 31 31 ;

  INPUT ---    group=5 sigma    rows=1 cols=6 Square ;
  INPUT ---        31 31 31 31 31 31 ;

  INPUT ---    group=6 sigma    rows=1 cols=6 Square ;
  INPUT ---        31 31 31 31 31 31 ;

  INPUT ---    group=7 sigma    rows=1 cols=6 Square ;
  INPUT ---        31 31 31 31 31 31 ;

  INPUT ---    group=8 sigma    rows=1 cols=6 Square ;
  INPUT ---        31 31 31 31 31 31 ;

  INPUT ---    group=1 U    rows=1 cols=6 Square ;
  INPUT ---        21 21 21 21 21 21 ;

  INPUT ---    group=2 U    rows=1 cols=6 Square ;
  INPUT ---        22 22 22 22 22 22 ;

  INPUT ---    group=3 U    rows=1 cols=6 Square ;
  INPUT ---        23 23 23 23 23 23 ;

  INPUT ---    group=4 U    rows=1 cols=6 Square ;
  INPUT ---        24 24 24 24 24 24 ;

  INPUT ---    group=5 U    rows=1 cols=6 Square ;
  INPUT ---        25 25 25 25 25 25 ;

  INPUT ---    group=6 U    rows=1 cols=6 Square ;
  INPUT ---        26 26 26 26 26 26 ;

  INPUT ---    group=7 U    rows=1 cols=6 Square ;
  INPUT ---        27 27 27 27 27 27 ;

  INPUT ---    group=8 U    rows=1 cols=6 Square ;
  INPUT ---        28 28 28 28 28 28 ;

  INPUT ---    group=1 Phi    rows=5 cols=5 Triang ;
  INPUT ---        32 32 32 32 32 ;
  INPUT ---        32 32 32 32 ;
  INPUT ---        32 32 32 ;
  INPUT ---        32 32 ;
  INPUT ---        32 ;


  Program  MARK  - Survival Rate Estimation with Capture-Recapture Data
   gfortran(Win64) Vers. 8.2 Mar 2017    7-Jun-2018 06:07:56    Page  004
 - - - - - - - - - - - - - - - - - - - - - - - - - - - - - - - - - - - - - -
 
  INPUT ---    group=2 Phi    rows=5 cols=5 Triang ;
  INPUT ---        32 32 32 32 32 ;
  INPUT ---        32 32 32 32 ;
  INPUT ---        32 32 32 ;
  INPUT ---        32 32 ;
  INPUT ---        32 ;

  INPUT ---    group=3 Phi    rows=5 cols=5 Triang ;
  INPUT ---        32 32 32 32 32 ;
  INPUT ---        32 32 32 32 ;
  INPUT ---        32 32 32 ;
  INPUT ---        32 32 ;
  INPUT ---        32 ;

  INPUT ---    group=4 Phi    rows=5 cols=5 Triang ;
  INPUT ---        32 32 32 32 32 ;
  INPUT ---        32 32 32 32 ;
  INPUT ---        32 32 32 ;
  INPUT ---        32 32 ;
  INPUT ---        32 ;

  INPUT ---    group=5 Phi    rows=5 cols=5 Triang ;
  INPUT ---        32 32 32 32 32 ;
  INPUT ---        32 32 32 32 ;
  INPUT ---        32 32 32 ;
  INPUT ---        32 32 ;
  INPUT ---        32 ;

  INPUT ---    group=6 Phi    rows=5 cols=5 Triang ;
  INPUT ---        32 32 32 32 32 ;
  INPUT ---        32 32 32 32 ;
  INPUT ---        32 32 32 ;
  INPUT ---        32 32 ;
  INPUT ---        32 ;

  INPUT ---    group=7 Phi    rows=5 cols=5 Triang ;
  INPUT ---        32 32 32 32 32 ;
  INPUT ---        32 32 32 32 ;
  INPUT ---        32 32 32 ;
  INPUT ---        32 32 ;
  INPUT ---        32 ;

  INPUT ---    group=8 Phi    rows=5 cols=5 Triang ;
  INPUT ---        32 32 32 32 32 ;
  INPUT ---        32 32 32 32 ;
  INPUT ---        32 32 32 ;

  Program  MARK  - Survival Rate Estimation with Capture-Recapture Data
   gfortran(Win64) Vers. 8.2 Mar 2017    7-Jun-2018 06:07:56    Page  005
 - - - - - - - - - - - - - - - - - - - - - - - - - - - - - - - - - - - - - -
 
  INPUT ---        32 32 ;
  INPUT ---        32 ;

  INPUT ---    group=1 Gamma''    rows=5 cols=5 Triang ;
  INPUT ---        29 29 29 29 29 ;
  INPUT ---        29 29 29 29 ;
  INPUT ---        29 29 29 ;
  INPUT ---        29 29 ;
  INPUT ---        29 ;

  INPUT ---    group=2 Gamma''    rows=5 cols=5 Triang ;
  INPUT ---        29 29 29 29 29 ;
  INPUT ---        29 29 29 29 ;
  INPUT ---        29 29 29 ;
  INPUT ---        29 29 ;
  INPUT ---        29 ;

  INPUT ---    group=3 Gamma''    rows=5 cols=5 Triang ;
  INPUT ---        29 29 29 29 29 ;
  INPUT ---        29 29 29 29 ;
  INPUT ---        29 29 29 ;
  INPUT ---        29 29 ;
  INPUT ---        29 ;

  INPUT ---    group=4 Gamma''    rows=5 cols=5 Triang ;
  INPUT ---        29 29 29 29 29 ;
  INPUT ---        29 29 29 29 ;
  INPUT ---        29 29 29 ;
  INPUT ---        29 29 ;
  INPUT ---        29 ;

  INPUT ---    group=5 Gamma''    rows=5 cols=5 Triang ;
  INPUT ---        29 29 29 29 29 ;
  INPUT ---        29 29 29 29 ;
  INPUT ---        29 29 29 ;
  INPUT ---        29 29 ;
  INPUT ---        29 ;

  INPUT ---    group=6 Gamma''    rows=5 cols=5 Triang ;
  INPUT ---        29 29 29 29 29 ;
  INPUT ---        29 29 29 29 ;
  INPUT ---        29 29 29 ;
  INPUT ---        29 29 ;
  INPUT ---        29 ;

  INPUT ---    group=7 Gamma''    rows=5 cols=5 Triang ;

  Program  MARK  - Survival Rate Estimation with Capture-Recapture Data
   gfortran(Win64) Vers. 8.2 Mar 2017    7-Jun-2018 06:07:56    Page  006
 - - - - - - - - - - - - - - - - - - - - - - - - - - - - - - - - - - - - - -
 
  INPUT ---        29 29 29 29 29 ;
  INPUT ---        29 29 29 29 ;
  INPUT ---        29 29 29 ;
  INPUT ---        29 29 ;
  INPUT ---        29 ;

  INPUT ---    group=8 Gamma''    rows=5 cols=5 Triang ;
  INPUT ---        29 29 29 29 29 ;
  INPUT ---        29 29 29 29 ;
  INPUT ---        29 29 29 ;
  INPUT ---        29 29 ;
  INPUT ---        29 ;

  INPUT ---    group=1 Gamma'    rows=4 cols=4 Triang ;
  INPUT ---        30 30 30 30 ;
  INPUT ---        30 30 30 ;
  INPUT ---        30 30 ;
  INPUT ---        30 ;

  INPUT ---    group=2 Gamma'    rows=4 cols=4 Triang ;
  INPUT ---        30 30 30 30 ;
  INPUT ---        30 30 30 ;
  INPUT ---        30 30 ;
  INPUT ---        30 ;

  INPUT ---    group=3 Gamma'    rows=4 cols=4 Triang ;
  INPUT ---        30 30 30 30 ;
  INPUT ---        30 30 30 ;
  INPUT ---        30 30 ;
  INPUT ---        30 ;

  INPUT ---    group=4 Gamma'    rows=4 cols=4 Triang ;
  INPUT ---        30 30 30 30 ;
  INPUT ---        30 30 30 ;
  INPUT ---        30 30 ;
  INPUT ---        30 ;

  INPUT ---    group=5 Gamma'    rows=4 cols=4 Triang ;
  INPUT ---        30 30 30 30 ;
  INPUT ---        30 30 30 ;
  INPUT ---        30 30 ;
  INPUT ---        30 ;

  INPUT ---    group=6 Gamma'    rows=4 cols=4 Triang ;
  INPUT ---        30 30 30 30 ;
  INPUT ---        30 30 30 ;

  Program  MARK  - Survival Rate Estimation with Capture-Recapture Data
   gfortran(Win64) Vers. 8.2 Mar 2017    7-Jun-2018 06:07:56    Page  007
 - - - - - - - - - - - - - - - - - - - - - - - - - - - - - - - - - - - - - -
 
  INPUT ---        30 30 ;
  INPUT ---        30 ;

  INPUT ---    group=7 Gamma'    rows=4 cols=4 Triang ;
  INPUT ---        30 30 30 30 ;
  INPUT ---        30 30 30 ;
  INPUT ---        30 30 ;
  INPUT ---        30 ;

  INPUT ---    group=8 Gamma'    rows=4 cols=4 Triang ;
  INPUT ---        30 30 30 30 ;
  INPUT ---        30 30 30 ;
  INPUT ---        30 30 ;
  INPUT ---        30 ;

  INPUT ---    design matrix constraints=32 covariates=12;
  INPUT ---        1 50 0 0 0 0 0 0 0 0 0 0;
  INPUT ---        1 15 0 0 0 0 0 0 0 0 0 0;
  INPUT ---        1 25 0 0 0 0 0 0 0 0 0 0;
  INPUT ---        1 20 0 0 0 0 0 0 0 0 0 0;
  INPUT ---        1 21 0 0 0 0 0 0 0 0 0 0;
  INPUT ---        1 11 0 0 0 0 0 0 0 0 0 0;
  INPUT ---        1 19 0 0 0 0 0 0 0 0 0 0;
  INPUT ---        1 35 0 0 0 0 0 0 0 0 0 0;
  INPUT ---        1 32 0 0 0 0 0 0 0 0 0 0;
  INPUT ---        1 18 0 0 0 0 0 0 0 0 0 0;
  INPUT ---        1 13 0 0 0 0 0 0 0 0 0 0;
  INPUT ---        1 17 0 0 0 0 0 0 0 0 0 0;
  INPUT ---        1 16 0 0 0 0 0 0 0 0 0 0;
  INPUT ---        1 14 0 0 0 0 0 0 0 0 0 0;
  INPUT ---        1 12 0 0 0 0 0 0 0 0 0 0;
  INPUT ---        1 27 0 0 0 0 0 0 0 0 0 0;
  INPUT ---        1 10 0 0 0 0 0 0 0 0 0 0;
  INPUT ---        1 40 0 0 0 0 0 0 0 0 0 0;
  INPUT ---        1 28 0 0 0 0 0 0 0 0 0 0;
  INPUT ---        1 8 0 0 0 0 0 0 0 0 0 0;
  INPUT ---        0 0 1 0 0 0 0 0 0 0 0 0;
  INPUT ---        0 0 1 1 0 0 0 0 0 0 0 0;
  INPUT ---        0 0 1 0 1 0 0 0 0 0 0 0;
  INPUT ---        0 0 1 0 0 1 0 0 0 0 0 0;
  INPUT ---        0 0 1 0 0 0 1 0 0 0 0 0;
  INPUT ---        0 0 1 0 0 0 0 1 0 0 0 0;
  INPUT ---        0 0 1 0 0 0 0 0 1 0 0 0;
  INPUT ---        0 0 1 0 0 0 0 0 0 1 0 0;
  INPUT ---        0 0 0 0 0 0 0 0 0 0 1 0;
  INPUT ---        0 0 0 0 0 0 0 0 0 0 0 1;

  Program  MARK  - Survival Rate Estimation with Capture-Recapture Data
   gfortran(Win64) Vers. 8.2 Mar 2017    7-Jun-2018 06:07:56    Page  008
 - - - - - - - - - - - - - - - - - - - - - - - - - - - - - - - - - - - - - -
 
  INPUT ---        0 0 0 0 0 0 0 0 0 0 0 0;
  INPUT ---        0 0 0 0 0 0 0 0 0 0 0 0;

  INPUT ---    links=32;

  INPUT ---    Log;

  INPUT ---    Log;

  INPUT ---    Log;

  INPUT ---    Log;

  INPUT ---    Log;

  INPUT ---    Log;

  INPUT ---    Log;

  INPUT ---    Log;

  INPUT ---    Log;

  INPUT ---    Log;

  INPUT ---    Log;

  INPUT ---    Log;

  INPUT ---    Log;

  INPUT ---    Log;

  INPUT ---    Log;

  INPUT ---    Log;

  INPUT ---    Log;

  INPUT ---    Log;

  INPUT ---    Log;

  INPUT ---    Log;

  INPUT ---    Log;

  Program  MARK  - Survival Rate Estimation with Capture-Recapture Data
   gfortran(Win64) Vers. 8.2 Mar 2017    7-Jun-2018 06:07:56    Page  009
 - - - - - - - - - - - - - - - - - - - - - - - - - - - - - - - - - - - - - -
 

  INPUT ---    Log;

  INPUT ---    Log;

  INPUT ---    Log;

  INPUT ---    Log;

  INPUT ---    Log;

  INPUT ---    Log;

  INPUT ---    Log;

  INPUT ---    Logit;

  INPUT ---    Logit;

  INPUT ---    Log;

  INPUT ---    Logit;
  INPUT ---       blabel(1)=alpha:(Intercept);
  INPUT ---       blabel(2)=alpha:effort;
  INPUT ---       blabel(3)=U:(Intercept);
  INPUT ---       blabel(4)=U:coloniesCapimAcu;
  INPUT ---       blabel(5)=U:coloniesForteBoldro;
  INPUT ---       blabel(6)=U:coloniesLeao;
  INPUT ---       blabel(7)=U:coloniesPedreiraSueste;
  INPUT ---       blabel(8)=U:coloniesPiquinho;
  INPUT ---       blabel(9)=U:coloniesPraiaBoldro;
  INPUT ---       blabel(10)=U:coloniesTejuAcu;
  INPUT ---       blabel(11)=GammaDoublePrime:(Intercept);
  INPUT ---       blabel(12)=GammaPrime:(Intercept);
  INPUT ---       rlabel(1)=alpha gAmericano a0 t1;
  INPUT ---       rlabel(2)=alpha gAmericano a1 t2;
  INPUT ---       rlabel(3)=alpha gAmericano a2 t3;
  INPUT ---       rlabel(4)=alpha gAmericano a3 t4;
  INPUT ---       rlabel(5)=alpha gCapimAcu a0 t1;
  INPUT ---       rlabel(6)=alpha gCapimAcu a1 t2;
  INPUT ---       rlabel(7)=alpha gCapimAcu a5 t6;
  INPUT ---       rlabel(8)=alpha gForteBoldro a0 t1;
  INPUT ---       rlabel(9)=alpha gForteBoldro a4 t5;
  INPUT ---       rlabel(10)=alpha gLeao a0 t1;
  INPUT ---       rlabel(11)=alpha gLeao a2 t3;
  INPUT ---       rlabel(12)=alpha gLeao a3 t4;

  Program  MARK  - Survival Rate Estimation with Capture-Recapture Data
   gfortran(Win64) Vers. 8.2 Mar 2017    7-Jun-2018 06:07:56    Page  010
 - - - - - - - - - - - - - - - - - - - - - - - - - - - - - - - - - - - - - -
 
  INPUT ---       rlabel(13)=alpha gPedreiraSueste a4 t5;
  INPUT ---       rlabel(14)=alpha gPedreiraSueste a5 t6;
  INPUT ---       rlabel(15)=alpha gPiquinho a1 t2;
  INPUT ---       rlabel(16)=alpha gPiquinho a2 t3;
  INPUT ---       rlabel(17)=alpha gPiquinho a5 t6;
  INPUT ---       rlabel(18)=alpha gPraiaBoldro a2 t3;
  INPUT ---       rlabel(19)=alpha gPraiaBoldro a3 t4;
  INPUT ---       rlabel(20)=alpha gTejuAcu a1 t2;
  INPUT ---       rlabel(21)=U gAmericano a0 t1;
  INPUT ---       rlabel(22)=U gCapimAcu a0 t1;
  INPUT ---       rlabel(23)=U gForteBoldro a0 t1;
  INPUT ---       rlabel(24)=U gLeao a0 t1;
  INPUT ---       rlabel(25)=U gPedreiraSueste a0 t1;
  INPUT ---       rlabel(26)=U gPiquinho a0 t1;
  INPUT ---       rlabel(27)=U gPraiaBoldro a0 t1;
  INPUT ---       rlabel(28)=U gTejuAcu a0 t1;
  INPUT ---       rlabel(29)=Gamma'' gAmericano c1 a0 t1;
  INPUT ---       rlabel(30)=Gamma' gAmericano c1 a1 t2;
  INPUT ---       rlabel(31)=sigma gAmericano a0 t1;
  INPUT ---       rlabel(32)=Phi gAmericano c1 a0 t1;

 Link Function Used is PARM-SPECIFIC

 Variance Estimation Procedure Used is 2ndPart 

 M(t+1):
 Group=coloniesAmericano                                                               
      16     16     16     16     16     16
 Group=coloniesCapimAcu                                                                
       5      5      5      5      5      5
 Group=coloniesForteBoldro                                                             
      14     14     14     14     14     14
 Group=coloniesLeao                                                                    
       5      5      5      5      5      5
 Group=coloniesPedreiraSueste                                                          
       6      6      6      6      6      6
 Group=coloniesPiquinho                                                                
       4      4      4      4      4      4
 Group=coloniesPraiaBoldro                                                             
      20     20     20     20     20     20
 Group=coloniesTejuAcu                                                                 
       3      3      3      3      3      3


 -2logL(saturated) = -0.0000000    
 Effective Sample Size = 486

 Number of function evaluations was 57 for 12 parameters.
 Time for numerical optimization was 12.48 seconds.

  Program  MARK  - Survival Rate Estimation with Capture-Recapture Data
   gfortran(Win64) Vers. 8.2 Mar 2017    7-Jun-2018 06:08:01    Page  011
 - - - - - - - - - - - - - - - - - - - - - - - - - - - - - - - - - - - - - -
 
 -2logL { alpha(~effort)sigma(~1)U(~colonies)Phi(~1)Gamma''(~1)Gamma'(~1) } = 708.57400     
 Penalty { alpha(~effort)sigma(~1)U(~colonies)Phi(~1)Gamma''(~1)Gamma'(~1) } = -0.0000000    
 Gradient { alpha(~effort)sigma(~1)U(~colonies)Phi(~1)Gamma''(~1)Gamma'(~1) }:
  0.9951496E-04 0.1659074E-03 0.2233193E-03 0.9808176E-04-0.8540221E-04
  0.2116685E-03 0.7029620E-04-0.5708537E-05-0.2721494E-03 0.4426793E-04
   0.000000      0.000000    
 S Vector { alpha(~effort)sigma(~1)U(~colonies)Phi(~1)Gamma''(~1)Gamma'(~1) }:
   1087.313      117.7830      65.36996      47.31191      24.00378    
   16.68254      13.86737      12.31239      10.16607      5.637646    
  0.7829672E-06 0.5427239E-07
 Time to compute number of parameters was 3.75 seconds.
   Threshold =  0.2600000E-06     Condition index =  0.4991425E-10     New Threshold =  0.1880051E-06
 New Guessimate of Estimated Parameters { alpha(~effort)sigma(~1)U(~colonies)Phi(~1)Gamma''(~1)Gamma'(~1) } = 10          
 Conditioned S Vector { alpha(~effort)sigma(~1)U(~colonies)Phi(~1)Gamma''(~1)Gamma'(~1) }:
   1.000000     0.1083249     0.6012067E-01 0.4351271E-01 0.2207625E-01
  0.1534291E-01 0.1275381E-01 0.1132369E-01 0.9349725E-02 0.5184936E-02
  0.7200940E-09 0.4991425E-10
 Number of Estimated Parameters { alpha(~effort)sigma(~1)U(~colonies)Phi(~1)Gamma''(~1)Gamma'(~1) } = 10          
 DEVIANCE { alpha(~effort)sigma(~1)U(~colonies)Phi(~1)Gamma''(~1)Gamma'(~1) } = 708.57400                     
 DEVIANCE Degrees of Freedom { alpha(~effort)sigma(~1)U(~colonies)Phi(~1)Gamma''(~1)Gamma'(~1) } = 214            
 c-hat { alpha(~effort)sigma(~1)U(~colonies)Phi(~1)Gamma''(~1)Gamma'(~1) } = 3.3110935                     
 AIC { alpha(~effort)sigma(~1)U(~colonies)Phi(~1)Gamma''(~1)Gamma'(~1) } = 728.57400                  
 AICc { alpha(~effort)sigma(~1)U(~colonies)Phi(~1)Gamma''(~1)Gamma'(~1) } = 729.03716                    
 BIC { alpha(~effort)sigma(~1)U(~colonies)Phi(~1)Gamma''(~1)Gamma'(~1) } = 770.43609                    
 Pearson Chisquare { alpha(~effort)sigma(~1)U(~colonies)Phi(~1)Gamma''(~1)Gamma'(~1) } = 5274.9594                  


 PARM-SPECIFIC Link Function Parameters of { alpha(~effort)sigma(~1)U(~colonies)Phi(~1)Gamma''(~1)Gamma'(~1) }
                                                              95% Confidence Interval
 Parameter                    Beta         Standard Error      Lower           Upper
 -------------------------  --------------  --------------  --------------  --------------
    1:alpha:(Intercept)     -1.3990600      0.1409582       -1.6753381      -1.1227819    
    2:alpha:effort          0.0019278       0.0045554       -0.0070009      0.0108564     
    3:U:(Intercept)         3.8871439       0.1473813       3.5982766       4.1760112     
    4:U:coloniesCapimAcu    -2.0136670      0.3241977       -2.6490945      -1.3782395    
    5:U:coloniesForteBoldr  -0.0649545      0.1619430       -0.3823628      0.2524538     
    6:U:coloniesLeao        -1.9003323      0.3436288       -2.5738448      -1.2268197    
    7:U:coloniesPedreiraSu  -1.9110580      0.2892956       -2.4780774      -1.3440387    
    8:U:coloniesPiquinho    -0.9915231      0.2169601       -1.4167649      -0.5662813    
    9:U:coloniesPraiaBoldr  0.7962687       0.1369308       0.5278843       1.0646530     
   10:U:coloniesTejuAcu     -1.8249691      0.2900483       -2.3934638      -1.2564744    
   11:GammaDoublePrime:(In  -22.634694      4292.5022       -8435.9392      8390.6699     
   12:GammaPrime:(Intercep  -0.1000000      1130.1295       -2215.1539      2214.9539     


 Real Function Parameters of { alpha(~effort)sigma(~1)U(~colonies)Phi(~1)Gamma''(~1)Gamma'(~1) }
                                                               95% Confidence Interval
  Parameter                  Estimate       Standard Error      Lower           Upper
 --------------------------  --------------  --------------  --------------  --------------
     1:alpha gAmericano a0   0.2718047       0.0420454       0.2010759       0.3674124                           
     2:alpha gAmericano a1   0.2540705       0.0256501       0.2085624       0.3095085                           
     3:alpha gAmericano a2   0.2590159       0.0244753       0.2153133       0.3115890                           
     4:alpha gAmericano a3   0.2565313       0.0243932       0.2130009       0.3089578                           
     5:alpha gCapimAcu a0 t  0.2570263       0.0242971       0.2136434       0.3092186                           
     6:alpha gCapimAcu a1 t  0.2521189       0.0274563       0.2037882       0.3119117                           
     7:alpha gCapimAcu a5 t  0.2560372       0.0245434       0.2122722       0.3088255                           

  Program  MARK  - Survival Rate Estimation with Capture-Recapture Data
   gfortran(Win64) Vers. 8.2 Mar 2017    7-Jun-2018 06:08:03    Page  012
 - - - - - - - - - - - - - - - - - - - - - - - - - - - - - - - - - - - - - -
 
     8:alpha gForteBoldro a  0.2640576       0.0287036       0.2135213       0.3265548                           
     9:alpha gForteBoldro a  0.2625349       0.0269200       0.2148485       0.3208053                           
    10:alpha gLeao a0 t1     0.2555441       0.0247462       0.2114601       0.3088185                           
    11:alpha gLeao a2 t3     0.2530928       0.0264757       0.2062896       0.3105148                           
    12:alpha gLeao a3 t4     0.2550520       0.0249997       0.2105684       0.3089329                           
    13:alpha gPedreiraSuest  0.2545608       0.0253018       0.2096011       0.3091644                           
    14:alpha gPedreiraSuest  0.2535812       0.0260423       0.2074570       0.3099603                           
    15:alpha gPiquinho a1 t  0.2526054       0.0269479       0.2050651       0.3111670                           
    16:alpha gPiquinho a2 t  0.2600165       0.0249052       0.2156030       0.3135790                           
    17:alpha gPiquinho a5 t  0.2516333       0.0279984       0.2024637       0.3127442                           
    18:alpha gPraiaBoldro a  0.2666151       0.0324528       0.2102103       0.3381547                           
    19:alpha gPraiaBoldro a  0.2605182       0.0252035       0.2156155       0.3147721                           
    20:alpha gTejuAcu a1 t2  0.2506650       0.0291743       0.1996897       0.3146529                           
    21:U gAmericano a0 t1    48.771390       7.1879896       36.591904       65.004775                           
    22:U gCapimAcu a0 t1     6.5108946       2.0609610       3.5530570       11.931064                           
    23:U gForteBoldro a0 t1  45.704164       6.8612037       34.109911       61.239402                           
    24:U gLeao a0 t1         7.2922460       2.4553587       3.8362708       13.861600                           
    25:U gPedreiraSueste a0  7.2144493       2.0285134       4.2014710       12.388108                           
    26:U gPiquinho a0 t1     18.094731       3.7269398       12.135182       26.980994                           
    27:U gPraiaBoldro a0 t1  108.13847       13.396114       84.905007       137.72956                           
    28:U gTejuAcu a0 t1      7.8630515       2.2052627       4.5852621       13.483979                           
    29:Gamma'' gAmericano c  0.1478690E-009  0.6347281E-006  -.1243919E-005  0.1244215E-005                      
    30:Gamma' gAmericano c1  0.4750208       281.82722       0.8921404E-304  1.0000000                           
    31:sigma gAmericano a0   0.0000000       0.0000000       0.0000000       0.0000000       Fixed               
    32:Phi gAmericano c1 a0  1.0000000       0.0000000       1.0000000       1.0000000       Fixed               

  Program  MARK  - Survival Rate Estimation with Capture-Recapture Data
   gfortran(Win64) Vers. 8.2 Mar 2017    7-Jun-2018 06:08:03    Page  013
 - - - - - - - - - - - - - - - - - - - - - - - - - - - - - - - - - - - - - -
 


                      Estimates of Derived Parameters
 Population Estimates of { alpha(~effort)sigma(~1)U(~colonies)Phi(~1)Gamma''(~1)Gamma'(~1) }
                                                95% Confidence Interval
 Grp. Occ.   N-hat           Standard Error      Lower           Upper
 ---- ----   --------------  --------------  --------------  --------------
   1     1   64.771390       7.1879967       52.144489       80.455923     
   1     2   64.771390       7.1879967       52.144489       80.455923     
   1     3   64.771390       7.1879967       52.144489       80.455923     
   1     4   64.771390       7.1879967       52.144489       80.455923     
   1     5   64.771390       7.1879967       52.144489       80.455923     
   1     6   64.771390       7.1879967       52.144489       80.455923     
   2     1   11.510895       2.0609619       8.1265088       16.304750     
   2     2   11.510895       2.0609619       8.1265088       16.304750     
   2     3   11.510895       2.0609619       8.1265088       16.304750     
   2     4   11.510895       2.0609619       8.1265088       16.304750     
   2     5   11.510895       2.0609619       8.1265088       16.304750     
   2     6   5.0000000       0.0000000       5.0000000       5.0000000     
   3     1   59.704164       6.8612066       47.698351       74.731874     
   3     2   59.704164       6.8612066       47.698351       74.731874     
   3     3   59.704164       6.8612066       47.698351       74.731874     
   3     4   59.704164       6.8612066       47.698351       74.731874     
   3     5   59.704164       6.8612066       47.698351       74.731874     
   3     6   59.704164       6.8612066       47.698351       74.731874     
   4     1   12.292246       2.4553597       8.3418442       18.113418     
   4     2   12.292246       2.4553597       8.3418442       18.113418     
   4     3   12.292246       2.4553597       8.3418442       18.113418     
   4     4   5.0000000       0.0000000       5.0000000       5.0000000     
   4     5   5.0000000       0.0000000       5.0000000       5.0000000     
   4     6   12.292246       2.4553597       8.3418442       18.113418     
   5     1   13.214449       2.0285143       9.7980834       17.822023     
   5     2   13.214449       2.0285143       9.7980834       17.822023     
   5     3   13.214449       2.0285143       9.7980834       17.822023     
   5     4   13.214449       2.0285143       9.7980834       17.822023     
   5     5   13.214449       2.0285143       9.7980834       17.822023     
   5     6   13.214449       2.0285143       9.7980834       17.822023     
   6     1   22.094731       3.7269411       15.911504       30.680767     
   6     2   22.094731       3.7269411       15.911504       30.680767     

  Program  MARK  - Survival Rate Estimation with Capture-Recapture Data
   gfortran(Win64) Vers. 8.2 Mar 2017    7-Jun-2018 06:08:03    Page  014
 - - - - - - - - - - - - - - - - - - - - - - - - - - - - - - - - - - - - - -
 
   6     3   22.094731       3.7269411       15.911504       30.680767     
   6     4   22.094731       3.7269411       15.911504       30.680767     
   6     5   22.094731       3.7269411       15.911504       30.680767     
   6     6   22.094731       3.7269411       15.911504       30.680767     
   7     1   128.13847       13.396123       104.45555       157.19096     
   7     2   128.13847       13.396123       104.45555       157.19096     
   7     3   128.13847       13.396123       104.45555       157.19096     
   7     4   128.13847       13.396123       104.45555       157.19096     
   7     5   128.13847       13.396123       104.45555       157.19096     
   7     6   128.13847       13.396123       104.45555       157.19096     
   8     1   10.863052       2.2052636       7.3264131       16.106912     
   8     2   10.863052       2.2052636       7.3264131       16.106912     
   8     3   10.863052       2.2052636       7.3264131       16.106912     
   8     4   10.863052       2.2052636       7.3264131       16.106912     
   8     5   10.863052       2.2052636       7.3264131       16.106912     
   8     6   10.863052       2.2052636       7.3264131       16.106912     
 Mean Resighting Rate Estimates of { alpha(~effort)sigma(~1)U(~colonies)Phi(~1)Gamma''(~1)Gamma'(~1) }
                                                95% Confidence Interval
 Grp. Occ.   Lambda-hat      Standard Error      Lower           Upper
 ---- ----   --------------  --------------  --------------  --------------
   1     1   0.2718047       0.0420454       0.2010759       0.3674124     
   1     2   0.2540705       0.0256501       0.2085623       0.3095085     
   1     3   0.2590159       0.0244753       0.2153133       0.3115890     
   1     4   0.2565313       0.0243932       0.2130009       0.3089579     
   1     5   0.2540705       0.0256501       0.2085623       0.3095085     
   1     6   0.2540705       0.0256501       0.2085623       0.3095085     
   2     1   0.2570263       0.0242971       0.2136434       0.3092187     
   2     2   0.2521189       0.0274563       0.2037882       0.3119117     
   2     3   0.2540705       0.0256501       0.2085623       0.3095085     
   2     4   0.2540705       0.0256501       0.2085623       0.3095085     
   2     5   0.2540705       0.0256501       0.2085623       0.3095085     
   2     6   0.2560372       0.0245434       0.2122721       0.3088256     
   3     1   0.2640576       0.0287036       0.2135213       0.3265548     
   3     2   0.2540705       0.0256501       0.2085623       0.3095085     
   3     3   0.2590159       0.0244753       0.2153133       0.3115890     
   3     4   0.2590159       0.0244753       0.2153133       0.3115890     
   3     5   0.2625349       0.0269200       0.2148485       0.3208053     
   3     6   0.2590159       0.0244753       0.2153133       0.3115890     
   4     1   0.2555441       0.0247462       0.2114601       0.3088185     
   4     2   0.2565313       0.0243932       0.2130009       0.3089579     
   4     3   0.2530928       0.0264757       0.2062896       0.3105148     
   4     4   0.2550520       0.0249997       0.2105684       0.3089329     
   4     5   0.2530928       0.0264757       0.2062896       0.3105148     
   4     6   0.2540705       0.0256501       0.2085623       0.3095085     
   5     1   0.2565313       0.0243932       0.2130009       0.3089579     
   5     2   0.2550520       0.0249997       0.2105684       0.3089329     
   5     3   0.2570263       0.0242971       0.2136434       0.3092187     
   5     4   0.2555441       0.0247462       0.2114601       0.3088185     
   5     5   0.2545608       0.0253018       0.2096010       0.3091644     
   5     6   0.2535812       0.0260423       0.2074569       0.3099603     

  Program  MARK  - Survival Rate Estimation with Capture-Recapture Data
   gfortran(Win64) Vers. 8.2 Mar 2017    7-Jun-2018 06:08:03    Page  015
 - - - - - - - - - - - - - - - - - - - - - - - - - - - - - - - - - - - - - -
 
   6     1   0.2555441       0.0247462       0.2114601       0.3088185     
   6     2   0.2526054       0.0269479       0.2050651       0.3111670     
   6     3   0.2600165       0.0249052       0.2156030       0.3135790     
   6     4   0.2540705       0.0256501       0.2085623       0.3095085     
   6     5   0.2540705       0.0256501       0.2085623       0.3095085     
   6     6   0.2516333       0.0279984       0.2024637       0.3127442     
   7     1   0.2555441       0.0247462       0.2114601       0.3088185     
   7     2   0.2625349       0.0269200       0.2148485       0.3208053     
   7     3   0.2666151       0.0324528       0.2102103       0.3381547     
   7     4   0.2605182       0.0252035       0.2156155       0.3147721     
   7     5   0.2526054       0.0269479       0.2050651       0.3111670     
   7     6   0.2666151       0.0324528       0.2102103       0.3381547     
   8     1   0.2540705       0.0256501       0.2085623       0.3095085     
   8     2   0.2506650       0.0291743       0.1996897       0.3146529     
   8     3   0.2506650       0.0291743       0.1996897       0.3146529     
   8     4   0.2516333       0.0279984       0.2024637       0.3127442     
   8     5   0.2516333       0.0279984       0.2024637       0.3127442     
   8     6   0.2516333       0.0279984       0.2024637       0.3127442     
 Pr(Captured 1 or more times) of { alpha(~effort)sigma(~1)U(~colonies)Phi(~1)Gamma''(~1)Gamma'(~1) }
                                                95% Confidence Interval
 Grp. Occ.      p*-hat       Standard Error      Lower           Upper
 ---- ----   --------------  --------------  --------------  --------------
   1     1   0.2379969       0.0320387       0.1809457       0.3063090     
   1     2   0.2243629       0.0198952       0.1877807       0.2657401     
   1     3   0.2281893       0.0188903       0.1932872       0.2673054     
   1     4   0.2262692       0.0188737       0.1914218       0.2653784     
   1     5   0.2243629       0.0198952       0.1877807       0.2657401     
   1     6   0.2243629       0.0198952       0.1877807       0.2657401     
   2     1   0.2266522       0.0187901       0.1919445       0.2655731     
   2     2   0.2228477       0.0213377       0.1838268       0.2674375     
   2     3   0.2243629       0.0198952       0.1877807       0.2657401     
   2     4   0.2243629       0.0198952       0.1877807       0.2657401     
   2     5   0.2243629       0.0198952       0.1877807       0.2657401     
   2     6   0.2258869       0.0189994       0.1908271       0.2652763     
   3     1   0.2320707       0.0220423       0.1916882       0.2780342     
   3     2   0.2243629       0.0198952       0.1877807       0.2657401     
   3     3   0.2281893       0.0188903       0.1932872       0.2673054     
   3     4   0.2281893       0.0188903       0.1932872       0.2673054     
   3     5   0.2309005       0.0207042       0.1928271       0.2739401     
   3     6   0.2281893       0.0188903       0.1932872       0.2673054     
   4     1   0.2255051       0.0191658       0.1901628       0.2652643     
   4     2   0.2262692       0.0188737       0.1914218       0.2653784     
   4     3   0.2236042       0.0205556       0.1859026       0.2664493     
   4     4   0.2251238       0.0193717       0.1894315       0.2653398     
   4     5   0.2236042       0.0205556       0.1859026       0.2664493     
   4     6   0.2243629       0.0198952       0.1877807       0.2657401     
   5     1   0.2262692       0.0188737       0.1914218       0.2653784     
   5     2   0.2251238       0.0193717       0.1894315       0.2653398     
   5     3   0.2266522       0.0187901       0.1919445       0.2655731     
   5     4   0.2255051       0.0191658       0.1901628       0.2652643     

  Program  MARK  - Survival Rate Estimation with Capture-Recapture Data
   gfortran(Win64) Vers. 8.2 Mar 2017    7-Jun-2018 06:08:03    Page  016
 - - - - - - - - - - - - - - - - - - - - - - - - - - - - - - - - - - - - - -
 
   5     5   0.2247431       0.0196154       0.1886363       0.2654995     
   5     6   0.2239833       0.0202092       0.1868682       0.2660580     
   6     1   0.2255051       0.0191658       0.1901628       0.2652643     
   6     2   0.2232257       0.0209324       0.1848875       0.2669104     
   6     3   0.2289612       0.0192028       0.1935065       0.2687472     
   6     4   0.2243629       0.0198952       0.1877807       0.2657401     
   6     5   0.2243629       0.0198952       0.1877807       0.2657401     
   6     6   0.2224702       0.0217696       0.1827241       0.2680267     
   7     1   0.2255051       0.0191658       0.1901628       0.2652643     
   7     2   0.2309005       0.0207042       0.1928271       0.2739401     
   7     3   0.2340322       0.0248578       0.1888545       0.2862040     
   7     4   0.2293479       0.0194231       0.1935064       0.2696087     
   7     5   0.2232257       0.0209324       0.1848875       0.2669104     
   7     6   0.2340322       0.0248578       0.1888545       0.2862040     
   8     1   0.2243629       0.0198952       0.1877807       0.2657401     
   8     2   0.2217170       0.0227058       0.1804071       0.2693771     
   8     3   0.2217170       0.0227058       0.1804071       0.2693771     
   8     4   0.2224702       0.0217696       0.1827241       0.2680267     
   8     5   0.2224702       0.0217696       0.1827241       0.2680267     
   8     6   0.2224702       0.0217696       0.1827241       0.2680267     

 Attempted ordering of parameters by estimatibility:
   1  9  3  5  8  2  7 10  4  6 12 11
 Beta number 11 is a singular value.

     CPU Time in seconds for last procedure was 16.28

  Program  MARK  - Survival Rate Estimation with Capture-Recapture Data
   gfortran(Win64) Vers. 8.2 Mar 2017    7-Jun-2018 06:08:03    Page  017
 - - - - - - - - - - - - - - - - - - - - - - - - - - - - - - - - - - - - - -
 


  INPUT --- proc stop;

     CPU Time in minutes for this job was 0.27

     Time Start = 06:07:56.287   Time End = 06:08:03.487

     Wall Clock Time in minutes for this job was 0.12


          E X E C U T I O N   S U C C E S S F U L 
